  ContestTemplate.cpp
C:\Users\mysup\source\repos\ciphermaster\ciphermaster\ContestTemplate.cpp(8,20): warning C4244: 'initializing': conversion from 'double' to 'int', possible loss of data
C:\Users\mysup\source\repos\ciphermaster\ciphermaster\ContestTemplate.cpp(39,12): warning C4267: 'argument': conversion from 'size_t' to 'const _Kty', possible loss of data
          with
          [
              _Kty=int
          ]
C:\Users\mysup\source\repos\ciphermaster\ciphermaster\ContestTemplate.cpp(40,45): warning C4267: 'argument': conversion from 'size_t' to 'const int', possible loss of data
C:\Program Files\Microsoft Visual Studio\2022\Community\VC\Tools\MSVC\14.30.30705\include\utility(190,48): warning C4267: 'initializing': conversion from 'size_t' to '_Ty1', possible loss of data
          with
          [
              _Ty1=const int
          ]
C:\Program Files\Microsoft Visual Studio\2022\Community\VC\Tools\MSVC\14.30.30705\include\xmemory(674): message : see reference to function template instantiation 'std::pair<const int,std::vector<__int64,std::allocator<__int64>>>::pair<_Ty,std::vector<__int64,std::allocator<__int64>>&,0>(_Other1 &&,_Other2) noexcept(false)' being compiled
          with
          [
              _Ty=unsigned __int64,
              _Other1=unsigned __int64,
              _Other2=std::vector<__int64,std::allocator<__int64>> &
          ]
C:\Program Files\Microsoft Visual Studio\2022\Community\VC\Tools\MSVC\14.30.30705\include\xmemory(681): message : see reference to function template instantiation 'std::pair<const int,std::vector<__int64,std::allocator<__int64>>>::pair<_Ty,std::vector<__int64,std::allocator<__int64>>&,0>(_Other1 &&,_Other2) noexcept(false)' being compiled
          with
          [
              _Ty=unsigned __int64,
              _Other1=unsigned __int64,
              _Other2=std::vector<__int64,std::allocator<__int64>> &
          ]
C:\Program Files\Microsoft Visual Studio\2022\Community\VC\Tools\MSVC\14.30.30705\include\list(582): message : see reference to function template instantiation 'void std::_Default_allocator_traits<_Alloc>::construct<_Ty,unsigned __int64,std::vector<__int64,std::allocator<__int64>>&>(_Alloc &,_Objty *const ,unsigned __int64 &&,std::vector<__int64,std::allocator<__int64>> &)' being compiled
          with
          [
              _Alloc=std::allocator<std::_List_node<std::pair<const int,std::vector<__int64,std::allocator<__int64>>>,std::_Default_allocator_traits<std::allocator<std::pair<const int,std::vector<__int64,std::allocator<__int64>>>>>::void_pointer>>,
              _Ty=std::pair<const int,std::vector<__int64,std::allocator<__int64>>>,
              _Objty=std::pair<const int,std::vector<__int64,std::allocator<__int64>>>
          ]
C:\Program Files\Microsoft Visual Studio\2022\Community\VC\Tools\MSVC\14.30.30705\include\list(584): message : see reference to function template instantiation 'void std::_Default_allocator_traits<_Alloc>::construct<_Ty,unsigned __int64,std::vector<__int64,std::allocator<__int64>>&>(_Alloc &,_Objty *const ,unsigned __int64 &&,std::vector<__int64,std::allocator<__int64>> &)' being compiled
          with
          [
              _Alloc=std::allocator<std::_List_node<std::pair<const int,std::vector<__int64,std::allocator<__int64>>>,std::_Default_allocator_traits<std::allocator<std::pair<const int,std::vector<__int64,std::allocator<__int64>>>>>::void_pointer>>,
              _Ty=std::pair<const int,std::vector<__int64,std::allocator<__int64>>>,
              _Objty=std::pair<const int,std::vector<__int64,std::allocator<__int64>>>
          ]
C:\Program Files\Microsoft Visual Studio\2022\Community\VC\Tools\MSVC\14.30.30705\include\xhash(562): message : see reference to function template instantiation 'std::_List_node_emplace_op2<std::allocator<std::_List_node<std::pair<const int,std::vector<__int64,std::allocator<__int64>>>,std::_Default_allocator_traits<_Alloc>::void_pointer>>>::_List_node_emplace_op2<_Ty,std::vector<__int64,std::allocator<__int64>>&>(_Alnode &,_Ty &&,std::vector<__int64,std::allocator<__int64>> &)' being compiled
          with
          [
              _Alloc=std::allocator<std::pair<const int,std::vector<__int64,std::allocator<__int64>>>>,
              _Ty=unsigned __int64,
              _Alnode=std::allocator<std::_List_node<std::pair<const int,std::vector<__int64,std::allocator<__int64>>>,std::_Default_allocator_traits<std::allocator<std::pair<const int,std::vector<__int64,std::allocator<__int64>>>>>::void_pointer>>
          ]
C:\Program Files\Microsoft Visual Studio\2022\Community\VC\Tools\MSVC\14.30.30705\include\xhash(595): message : see reference to function template instantiation 'std::_List_node_emplace_op2<std::allocator<std::_List_node<std::pair<const int,std::vector<__int64,std::allocator<__int64>>>,std::_Default_allocator_traits<_Alloc>::void_pointer>>>::_List_node_emplace_op2<_Ty,std::vector<__int64,std::allocator<__int64>>&>(_Alnode &,_Ty &&,std::vector<__int64,std::allocator<__int64>> &)' being compiled
          with
          [
              _Alloc=std::allocator<std::pair<const int,std::vector<__int64,std::allocator<__int64>>>>,
              _Ty=unsigned __int64,
              _Alnode=std::allocator<std::_List_node<std::pair<const int,std::vector<__int64,std::allocator<__int64>>>,std::_Default_allocator_traits<std::allocator<std::pair<const int,std::vector<__int64,std::allocator<__int64>>>>>::void_pointer>>
          ]
C:\Users\mysup\source\repos\ciphermaster\ciphermaster\ContestTemplate.cpp(42): message : see reference to function template instantiation 'std::pair<std::_List_iterator<std::_List_val<std::_List_simple_types<_Ty>>>,bool> std::_Hash<std::_Umap_traits<_Kty,std::vector<__int64,std::allocator<__int64>>,std::_Uhash_compare<_Kty,_Hasher,_Keyeq>,_Alloc,false>>::emplace<unsigned __int64,std::vector<__int64,std::allocator<__int64>>&>(unsigned __int64 &&,std::vector<__int64,std::allocator<__int64>> &)' being compiled
          with
          [
              _Ty=std::pair<const int,std::vector<__int64,std::allocator<__int64>>>,
              _Kty=int,
              _Hasher=std::hash<int>,
              _Keyeq=std::equal_to<int>,
              _Alloc=std::allocator<std::pair<const int,std::vector<__int64,std::allocator<__int64>>>>
          ]
C:\Users\mysup\source\repos\ciphermaster\ciphermaster\ContestTemplate.cpp(42): message : see reference to function template instantiation 'std::pair<std::_List_iterator<std::_List_val<std::_List_simple_types<_Ty>>>,bool> std::_Hash<std::_Umap_traits<_Kty,std::vector<__int64,std::allocator<__int64>>,std::_Uhash_compare<_Kty,_Hasher,_Keyeq>,_Alloc,false>>::emplace<unsigned __int64,std::vector<__int64,std::allocator<__int64>>&>(unsigned __int64 &&,std::vector<__int64,std::allocator<__int64>> &)' being compiled
          with
          [
              _Ty=std::pair<const int,std::vector<__int64,std::allocator<__int64>>>,
              _Kty=int,
              _Hasher=std::hash<int>,
              _Keyeq=std::equal_to<int>,
              _Alloc=std::allocator<std::pair<const int,std::vector<__int64,std::allocator<__int64>>>>
          ]
  ciphermaster.vcxproj -> C:\Users\mysup\source\repos\ciphermaster\x64\Debug\ciphermaster.exe
