  ContestTemplate.cpp
C:\Users\mysup\source\repos\gfssoc2s4\gfssoc2s4\ContestTemplate.cpp(8,20): warning C4244: 'initializing': conversion from 'double' to 'int', possible loss of data
C:\Program Files\Microsoft Visual Studio\2022\Community\VC\Tools\MSVC\14.30.30705\include\xutility(4410,24): warning C4244: '=': conversion from 'const _Ty' to '__int64', possible loss of data
          with
          [
              _Ty=double
          ]
C:\Users\mysup\source\repos\gfssoc2s4\gfssoc2s4\ContestTemplate.cpp(20): message : see reference to function template instantiation 'void std::fill<__int64[],double>(const _FwdIt,const _FwdIt,const _Ty &)' being compiled
          with
          [
              _FwdIt=__int64 [],
              _Ty=double
          ]
C:\Program Files\Microsoft Visual Studio\2022\Community\VC\Tools\MSVC\14.30.30705\include\utility(190,54): warning C4244: 'initializing': conversion from '__int64' to '_Ty2', possible loss of data
          with
          [
              _Ty2=int
          ]
C:\Users\mysup\source\repos\gfssoc2s4\gfssoc2s4\ContestTemplate.cpp(28): message : see reference to function template instantiation 'std::pair<__int64,int>::pair<__int64&,_Ty1&,0>(_Other1,_Other2) noexcept' being compiled
          with
          [
              _Ty1=__int64,
              _Other1=__int64 &,
              _Other2=__int64 &
          ]
C:\Users\mysup\source\repos\gfssoc2s4\gfssoc2s4\ContestTemplate.cpp(28): message : see reference to function template instantiation 'std::pair<__int64,int>::pair<__int64&,_Ty1&,0>(_Other1,_Other2) noexcept' being compiled
          with
          [
              _Ty1=__int64,
              _Other1=__int64 &,
              _Other2=__int64 &
          ]
  gfssoc2s4.vcxproj -> C:\Users\mysup\source\repos\gfssoc2s4\x64\Debug\gfssoc2s4.exe
