  ContestTemplate.cpp
C:\Users\mysup\source\repos\oly19practice19\oly19practice19\ContestTemplate.cpp(8,20): warning C4244: 'initializing': conversion from 'double' to 'int', possible loss of data
C:\Program Files\Microsoft Visual Studio\2022\Community\VC\Tools\MSVC\14.30.30705\include\utility(190,16): warning C4244: 'initializing': conversion from '_Ty' to '_Ty1', possible loss of data
          with
          [
              _Ty=__int64
          ]
          and
          [
              _Ty1=const int
          ]
C:\Program Files\Microsoft Visual Studio\2022\Community\VC\Tools\MSVC\14.30.30705\include\xmemory(674): message : see reference to function template instantiation 'std::pair<const int,int>::pair<_Ty,int&,0>(_Other1 &&,_Other2) noexcept' being compiled
          with
          [
              _Ty=__int64,
              _Other1=__int64,
              _Other2=int &
          ]
C:\Program Files\Microsoft Visual Studio\2022\Community\VC\Tools\MSVC\14.30.30705\include\xmemory(681): message : see reference to function template instantiation 'std::pair<const int,int>::pair<_Ty,int&,0>(_Other1 &&,_Other2) noexcept' being compiled
          with
          [
              _Ty=__int64,
              _Other1=__int64,
              _Other2=int &
          ]
C:\Program Files\Microsoft Visual Studio\2022\Community\VC\Tools\MSVC\14.30.30705\include\list(582): message : see reference to function template instantiation 'void std::_Default_allocator_traits<_Alloc>::construct<_Ty,__int64,int&>(_Alloc &,_Objty *const ,__int64 &&,int &)' being compiled
          with
          [
              _Alloc=std::allocator<std::_List_node<std::pair<const int,int>,std::_Default_allocator_traits<std::allocator<std::pair<const int,int>>>::void_pointer>>,
              _Ty=std::pair<const int,int>,
              _Objty=std::pair<const int,int>
          ]
C:\Program Files\Microsoft Visual Studio\2022\Community\VC\Tools\MSVC\14.30.30705\include\list(584): message : see reference to function template instantiation 'void std::_Default_allocator_traits<_Alloc>::construct<_Ty,__int64,int&>(_Alloc &,_Objty *const ,__int64 &&,int &)' being compiled
          with
          [
              _Alloc=std::allocator<std::_List_node<std::pair<const int,int>,std::_Default_allocator_traits<std::allocator<std::pair<const int,int>>>::void_pointer>>,
              _Ty=std::pair<const int,int>,
              _Objty=std::pair<const int,int>
          ]
C:\Program Files\Microsoft Visual Studio\2022\Community\VC\Tools\MSVC\14.30.30705\include\xhash(562): message : see reference to function template instantiation 'std::_List_node_emplace_op2<std::allocator<std::_List_node<std::pair<const int,int>,std::_Default_allocator_traits<_Alloc>::void_pointer>>>::_List_node_emplace_op2<_Ty,int&>(_Alnode &,_Ty &&,int &)' being compiled
          with
          [
              _Alloc=std::allocator<std::pair<const int,int>>,
              _Ty=__int64,
              _Alnode=std::allocator<std::_List_node<std::pair<const int,int>,std::_Default_allocator_traits<std::allocator<std::pair<const int,int>>>::void_pointer>>
          ]
C:\Program Files\Microsoft Visual Studio\2022\Community\VC\Tools\MSVC\14.30.30705\include\xhash(595): message : see reference to function template instantiation 'std::_List_node_emplace_op2<std::allocator<std::_List_node<std::pair<const int,int>,std::_Default_allocator_traits<_Alloc>::void_pointer>>>::_List_node_emplace_op2<_Ty,int&>(_Alnode &,_Ty &&,int &)' being compiled
          with
          [
              _Alloc=std::allocator<std::pair<const int,int>>,
              _Ty=__int64,
              _Alnode=std::allocator<std::_List_node<std::pair<const int,int>,std::_Default_allocator_traits<std::allocator<std::pair<const int,int>>>::void_pointer>>
          ]
C:\Users\mysup\source\repos\oly19practice19\oly19practice19\ContestTemplate.cpp(34): message : see reference to function template instantiation 'std::pair<std::_List_iterator<std::_List_val<std::_List_simple_types<_Ty>>>,bool> std::_Hash<std::_Umap_traits<_Kty,int,std::_Uhash_compare<_Kty,_Hasher,_Keyeq>,_Alloc,false>>::emplace<__int64,int&>(__int64 &&,int &)' being compiled
          with
          [
              _Ty=std::pair<const int,int>,
              _Kty=int,
              _Hasher=std::hash<int>,
              _Keyeq=std::equal_to<int>,
              _Alloc=std::allocator<std::pair<const int,int>>
          ]
C:\Users\mysup\source\repos\oly19practice19\oly19practice19\ContestTemplate.cpp(34): message : see reference to function template instantiation 'std::pair<std::_List_iterator<std::_List_val<std::_List_simple_types<_Ty>>>,bool> std::_Hash<std::_Umap_traits<_Kty,int,std::_Uhash_compare<_Kty,_Hasher,_Keyeq>,_Alloc,false>>::emplace<__int64,int&>(__int64 &&,int &)' being compiled
          with
          [
              _Ty=std::pair<const int,int>,
              _Kty=int,
              _Hasher=std::hash<int>,
              _Keyeq=std::equal_to<int>,
              _Alloc=std::allocator<std::pair<const int,int>>
          ]
  oly19practice19.vcxproj -> C:\Users\mysup\source\repos\oly19practice19\x64\Debug\oly19practice19.exe
